[2025-06-17 20:37:42] dark override initialized
[2025-06-17 20:37:42] dark override initialized
[2025-06-17 20:38:11] optimize void cycle
[2025-06-17 20:38:11] adjust alpha ops
[2025-06-17 20:38:11] optimize void cycle
[2025-06-17 20:38:38] commit to darkness
[2025-06-17 20:39:05] commit to darkness
[2025-06-17 20:39:32] adjust alpha ops
[2025-06-17 20:39:32] refactor daemon
[2025-06-17 20:39:59] commit to darkness
[2025-06-17 20:40:26] refactor daemon
[2025-06-17 20:40:54] update wolf.log
[2025-06-17 20:41:21] enhance crypt.sh
[2025-06-17 20:41:21] optimize void cycle
[2025-06-17 20:41:21] commit to darkness
[2025-06-17 20:41:49] dark override initialized
[2025-06-17 20:41:49] enhance crypt.sh
[2025-06-17 20:42:23] enhance crypt.sh
[2025-06-17 20:42:23] adjust alpha ops
[2025-06-17 20:42:23] enhance crypt.sh
[2025-06-17 20:42:56] dark override initialized
[2025-06-17 20:42:56] update wolf.log
[2025-06-17 20:43:29] dark override initialized
[2025-06-17 20:43:30] add shadow notes
[2025-06-17 20:43:30] commit to darkness
